Using pre-set license
Built from '2021.3/staging' branch; Version is '2021.3.10f1 (1c7d0df0160b) revision 1867021'; Using compiler version '192829333'; Build Type 'Release'
OS: 'Windows 11  (10.0.22621) 64bit Professional' Language: 'en' Physical Memory: 32438 MB
BatchMode: 1, IsHumanControllingUs: 0, StartBugReporterOnCrash: 0, Is64bit: 1, IsPro: 1

COMMAND LINE ARGUMENTS:
C:\Program Files\Unity\Hub\Editor\2021.3.10f1\Editor\Unity.exe
-adb2
-batchMode
-noUpm
-name
AssetImportWorker2
-projectPath
C:/Users/nadia/OneDrive/Documents/Year 3/Semester 1/XBCGD7311/POE/xbcgd
-logFile
Logs/AssetImportWorker2.log
-srvPort
60595
Successfully changed project path to: C:/Users/nadia/OneDrive/Documents/Year 3/Semester 1/XBCGD7311/POE/xbcgd
C:/Users/nadia/OneDrive/Documents/Year 3/Semester 1/XBCGD7311/POE/xbcgd
[UnityMemory] Configuration Parameters - Can be set up in boot.config
    "memorysetup-bucket-allocator-granularity=16"
    "memorysetup-bucket-allocator-bucket-count=8"
    "memorysetup-bucket-allocator-block-size=33554432"
    "memorysetup-bucket-allocator-block-count=8"
    "memorysetup-main-allocator-block-size=16777216"
    "memorysetup-thread-allocator-block-size=16777216"
    "memorysetup-gfx-main-allocator-block-size=16777216"
    "memorysetup-gfx-thread-allocator-block-size=16777216"
    "memorysetup-cache-allocator-block-size=4194304"
    "memorysetup-typetree-allocator-block-size=2097152"
    "memorysetup-profiler-bucket-allocator-granularity=16"
    "memorysetup-profiler-bucket-allocator-bucket-count=8"
    "memorysetup-profiler-bucket-allocator-block-size=33554432"
    "memorysetup-profiler-bucket-allocator-block-count=8"
    "memorysetup-profiler-allocator-block-size=16777216"
    "memorysetup-profiler-editor-allocator-block-size=1048576"
    "memorysetup-temp-allocator-size-main=16777216"
    "memorysetup-job-temp-allocator-block-size=2097152"
    "memorysetup-job-temp-allocator-block-size-background=1048576"
    "memorysetup-job-temp-allocator-reduction-small-platforms=262144"
    "memorysetup-temp-allocator-size-background-worker=32768"
    "memorysetup-temp-allocator-size-job-worker=262144"
    "memorysetup-temp-allocator-size-preload-manager=33554432"
    "memorysetup-temp-allocator-size-nav-mesh-worker=65536"
    "memorysetup-temp-allocator-size-audio-worker=65536"
    "memorysetup-temp-allocator-size-cloud-worker=32768"
    "memorysetup-temp-allocator-size-gi-baking-worker=262144"
    "memorysetup-temp-allocator-size-gfx=262144"
Refreshing native plugins compatible for Editor in 80.22 ms, found 3 plugins.
Preloading 0 native plugins for Editor in 0.00 ms.
Initialize engine version: 2021.3.10f1 (1c7d0df0160b)
[Subsystems] Discovering subsystems at path C:/Program Files/Unity/Hub/Editor/2021.3.10f1/Editor/Data/Resources/UnitySubsystems
[Subsystems] Discovering subsystems at path C:/Users/nadia/OneDrive/Documents/Year 3/Semester 1/XBCGD7311/POE/xbcgd/Assets
GfxDevice: creating device client; threaded=0; jobified=0
Direct3D:
    Version:  Direct3D 11.0 [level 11.1]
    Renderer: NVIDIA GeForce RTX 3060 Laptop GPU (ID=0x2560)
    Vendor:   NVIDIA
    VRAM:     6009 MB
    Driver:   31.0.15.2879
Initialize mono
Mono path[0] = 'C:/Program Files/Unity/Hub/Editor/2021.3.10f1/Editor/Data/Managed'
Mono path[1] = 'C:/Program Files/Unity/Hub/Editor/2021.3.10f1/Editor/Data/MonoBleedingEdge/lib/mono/unityjit-win32'
Mono config path = 'C:/Program Files/Unity/Hub/Editor/2021.3.10f1/Editor/Data/MonoBleedingEdge/etc'
Using monoOptions --debugger-agent=transport=dt_socket,embedding=1,server=y,suspend=n,address=127.0.0.1:56144
Begin MonoManager ReloadAssembly
Registering precompiled unity dll's ...
Register platform support module: C:/Program Files/Unity/Hub/Editor/2021.3.10f1/Editor/Data/PlaybackEngines/WebGLSupport/UnityEditor.WebGL.Extensions.dll
Register platform support module: C:/Program Files/Unity/Hub/Editor/2021.3.10f1/Editor/Data/PlaybackEngines/MacStandaloneSupport/UnityEditor.OSXStandalone.Extensions.dll
Register platform support module: C:/Program Files/Unity/Hub/Editor/2021.3.10f1/Editor/Data/PlaybackEngines/AndroidPlayer/UnityEditor.Android.Extensions.dll
Register platform support module: C:/Program Files/Unity/Hub/Editor/2021.3.10f1/Editor/Data/PlaybackEngines/iOSSupport/UnityEditor.iOS.Extensions.dll
Register platform support module: C:/Program Files/Unity/Hub/Editor/2021.3.10f1/Editor/Data/PlaybackEngines/AppleTVSupport/UnityEditor.AppleTV.Extensions.dll
Register platform support module: C:/Program Files/Unity/Hub/Editor/2021.3.10f1/Editor/Data/PlaybackEngines/WindowsStandaloneSupport/UnityEditor.WindowsStandalone.Extensions.dll
Register platform support module: C:/Program Files/Unity/Hub/Editor/2021.3.10f1/Editor/Data/PlaybackEngines/LinuxStandaloneSupport/UnityEditor.LinuxStandalone.Extensions.dll
Register platform support module: C:/Program Files/Unity/Hub/Editor/2021.3.10f1/Editor/Data/PlaybackEngines/MetroSupport/UnityEditor.UWP.Extensions.dll
Registered in 0.005937 seconds.
Native extension for UWP target not found
Native extension for LinuxStandalone target not found
Native extension for WindowsStandalone target not found
[usbmuxd] Start listen thread
[usbmuxd] Listen thread started
Native extension for AppleTV target not found
[usbmuxd] Start listen thread
[usbmuxd] Listen thread started
Native extension for iOS target not found
Native extension for Android target not found
Native extension for OSXStandalone target not found
Native extension for WebGL target not found
Refreshing native plugins compatible for Editor in 66.14 ms, found 3 plugins.
Preloading 0 native plugins for Editor in 0.00 ms.
Mono: successfully reloaded assembly
- Completed reload, in  0.563 seconds
Domain Reload Profiling:
	ReloadAssembly (563ms)
		BeginReloadAssembly (62ms)
			ExecutionOrderSort (0ms)
			DisableScriptedObjects (0ms)
			BackupInstance (0ms)
			ReleaseScriptingObjects (0ms)
			CreateAndSetChildDomain (1ms)
		EndReloadAssembly (400ms)
			LoadAssemblies (61ms)
			RebuildTransferFunctionScriptingTraits (0ms)
			SetupTypeCache (106ms)
			ReleaseScriptCaches (0ms)
			RebuildScriptCaches (20ms)
			SetupLoadedEditorAssemblies (233ms)
				LogAssemblyErrors (0ms)
				InitializePlatformSupportModulesInManaged (59ms)
				SetLoadedEditorAssemblies (0ms)
				RefreshPlugins (66ms)
				BeforeProcessingInitializeOnLoad (1ms)
				ProcessInitializeOnLoadAttributes (70ms)
				ProcessInitializeOnLoadMethodAttributes (36ms)
				AfterProcessingInitializeOnLoad (0ms)
				EditorAssembliesLoaded (0ms)
			ExecutionOrderSort2 (0ms)
			AwakeInstancesAfterBackupRestoration (0ms)
Platform modules already initialized, skipping
Registering precompiled user dll's ...
Registered in 0.003063 seconds.
Begin MonoManager ReloadAssembly
Symbol file LoadedFromMemory doesn't match image C:\Users\nadia\OneDrive\Documents\Year 3\Semester 1\XBCGD7311\POE\xbcgd\Library\PackageCache\com.unity.visualscripting@1.7.8\Editor\VisualScripting.Core\Dependencies\YamlDotNet\Unity.VisualScripting.YamlDotNet.dll
Symbol file LoadedFromMemory doesn't match image C:\Users\nadia\OneDrive\Documents\Year 3\Semester 1\XBCGD7311\POE\xbcgd\Library\PackageCache\com.unity.visualscripting@1.7.8\Editor\VisualScripting.Core\Dependencies\DotNetZip\Unity.VisualScripting.IonicZip.dll
Native extension for UWP target not found
Native extension for LinuxStandalone target not found
Native extension for WindowsStandalone target not found
Native extension for AppleTV target not found
Native extension for iOS target not found
Native extension for Android target not found
Native extension for OSXStandalone target not found
Native extension for WebGL target not found
Refreshing native plugins compatible for Editor in 0.56 ms, found 3 plugins.
Preloading 0 native plugins for Editor in 0.00 ms.
Mono: successfully reloaded assembly
- Completed reload, in  0.863 seconds
Domain Reload Profiling:
	ReloadAssembly (864ms)
		BeginReloadAssembly (183ms)
			ExecutionOrderSort (0ms)
			DisableScriptedObjects (4ms)
			BackupInstance (0ms)
			ReleaseScriptingObjects (0ms)
			CreateAndSetChildDomain (124ms)
		EndReloadAssembly (601ms)
			LoadAssemblies (55ms)
			RebuildTransferFunctionScriptingTraits (0ms)
			SetupTypeCache (195ms)
			ReleaseScriptCaches (0ms)
			RebuildScriptCaches (40ms)
			SetupLoadedEditorAssemblies (277ms)
				LogAssemblyErrors (0ms)
				InitializePlatformSupportModulesInManaged (25ms)
				SetLoadedEditorAssemblies (0ms)
				RefreshPlugins (1ms)
				BeforeProcessingInitializeOnLoad (58ms)
				ProcessInitializeOnLoadAttributes (165ms)
				ProcessInitializeOnLoadMethodAttributes (22ms)
				AfterProcessingInitializeOnLoad (6ms)
				EditorAssembliesLoaded (0ms)
			ExecutionOrderSort2 (0ms)
			AwakeInstancesAfterBackupRestoration (6ms)
Platform modules already initialized, skipping
========================================================================
Worker process is ready to serve import requests
Launched and connected shader compiler UnityShaderCompiler.exe after 0.03 seconds
Refreshing native plugins compatible for Editor in 0.57 ms, found 3 plugins.
Preloading 0 native plugins for Editor in 0.00 ms.
Unloading 3398 Unused Serialized files (Serialized files now loaded: 0)
Unloading 27 unused Assets / (113.5 KB). Loaded Objects now: 3859.
Memory consumption went from 119.5 MB to 119.4 MB.
Total: 2.989200 ms (FindLiveObjects: 0.216400 ms CreateObjectMapping: 0.092500 ms MarkObjects: 2.589400 ms  DeleteObjects: 0.089700 ms)

AssetImportParameters requested are different than current active one (requested -> active):
  custom:video-decoder-ogg-theora: a1e56fd34408186e4bbccfd4996cb3dc -> 
  custom:container-muxer-webm: aa71ff27fc2769a1b78a27578f13a17b -> 
  custom:container-demuxer-webm: 4f35f7cbe854078d1ac9338744f61a02 -> 
  custom:video-encoder-webm-vp8: eb34c28f22e8b96e1ab97ce403110664 -> 
  custom:video-codec-MediaFoundation-h265: 746d11721c4dcdbdad8f713fa42b33f4 -> 
  custom:audio-encoder-webm-vorbis: bf7c407c2cedff20999df2af8eb42d56 -> 
  custom:framework-win-MediaFoundation: 216162199b28c13a410421893ffa2e32 -> 
  custom:container-demuxer-ogg: 62fdf1f143b41e24485cea50d1cbac27 -> 
  custom:video-decoder-webm-vp8: 9c59270c3fd7afecdb556c50c9e8de78 -> 
  custom:audio-decoder-ogg-vorbis: bf7c407c2cedff20999df2af8eb42d56 -> 
========================================================================
Received Import Request.
  Time since last request: 307061.244511 seconds.
  path: Assets/characters
  artifactKey: Guid(966c84a2d94c1ed4c9db0840523d40b0) Importer(815301076,1909f56bfc062723c751e8b465ee728b)
Start importing Assets/characters using Guid(966c84a2d94c1ed4c9db0840523d40b0) Importer(815301076,1909f56bfc062723c751e8b465ee728b)  -> (artifact id: '456308f2583d81c2b730dc335b44a872') in 0.023310 seconds 
========================================================================
Received Import Request.
  Time since last request: 0.100480 seconds.
  path: Assets/characters/player.asset
  artifactKey: Guid(a2d571a1c260f6540821a0f4f217a974) Importer(815301076,1909f56bfc062723c751e8b465ee728b)
Start importing Assets/characters/player.asset using Guid(a2d571a1c260f6540821a0f4f217a974) Importer(815301076,1909f56bfc062723c751e8b465ee728b)  -> (artifact id: '80ff33d53556ff3f45c1e34c39643986') in 0.038492 seconds 
========================================================================
Received Import Request.
  Time since last request: 3.274440 seconds.
  path: Assets/materials
  artifactKey: Guid(03f094347da75be438c7960a2040e4cf) Importer(815301076,1909f56bfc062723c751e8b465ee728b)
Start importing Assets/materials using Guid(03f094347da75be438c7960a2040e4cf) Importer(815301076,1909f56bfc062723c751e8b465ee728b)  -> (artifact id: 'd9670d22779d958617c0d44b9fa44833') in 0.013918 seconds 
========================================================================
Received Import Request.
  Time since last request: 1.929534 seconds.
  path: Assets/outer assests
  artifactKey: Guid(6867f2c424172d048b4ba7615f3043c9) Importer(815301076,1909f56bfc062723c751e8b465ee728b)
Start importing Assets/outer assests using Guid(6867f2c424172d048b4ba7615f3043c9) Importer(815301076,1909f56bfc062723c751e8b465ee728b)  -> (artifact id: '1dbba28cc5239d4caf4c2a9fa543a018') in 0.009882 seconds 
========================================================================
Received Import Request.
  Time since last request: 2.922540 seconds.
  path: Assets/Pandazole_Ultimate_Pack
  artifactKey: Guid(4bee55b9c2e5ffe49ae6e90e7ae46729) Importer(815301076,1909f56bfc062723c751e8b465ee728b)
Start importing Assets/Pandazole_Ultimate_Pack using Guid(4bee55b9c2e5ffe49ae6e90e7ae46729) Importer(815301076,1909f56bfc062723c751e8b465ee728b)  -> (artifact id: '84677c99b9dbeabaa70f50537e80e1bb') in 0.011440 seconds 
========================================================================
Received Import Request.
  Time since last request: 1.206711 seconds.
  path: Assets/Pandazole_Ultimate_Pack/Pandazole Simple Game Pack
  artifactKey: Guid(29a1b2ab2cb09cd4c801b41bae911380) Importer(815301076,1909f56bfc062723c751e8b465ee728b)
Start importing Assets/Pandazole_Ultimate_Pack/Pandazole Simple Game Pack using Guid(29a1b2ab2cb09cd4c801b41bae911380) Importer(815301076,1909f56bfc062723c751e8b465ee728b)  -> (artifact id: '94bfe60170022089d4ed574e17d051f5') in 0.013402 seconds 
========================================================================
Received Import Request.
  Time since last request: 2.131664 seconds.
  path: Assets/Pandazole_Ultimate_Pack/Pandazole Simple Game Pack/Prefabs
  artifactKey: Guid(4853a34e92210de4c9cac10e5693ed34) Importer(815301076,1909f56bfc062723c751e8b465ee728b)
Start importing Assets/Pandazole_Ultimate_Pack/Pandazole Simple Game Pack/Prefabs using Guid(4853a34e92210de4c9cac10e5693ed34) Importer(815301076,1909f56bfc062723c751e8b465ee728b)  -> (artifact id: '87d0f68fce682662f169990af6dab941') in 0.013934 seconds 
========================================================================
Received Import Request.
  Time since last request: 0.079994 seconds.
  path: Assets/Pandazole_Ultimate_Pack/Pandazole Simple Game Pack/Prefabs/Arrow_01.prefab
  artifactKey: Guid(8f7bce973172b894691d6bf53db9cdcc) Importer(815301076,1909f56bfc062723c751e8b465ee728b)
Start importing Assets/Pandazole_Ultimate_Pack/Pandazole Simple Game Pack/Prefabs/Arrow_01.prefab using Guid(8f7bce973172b894691d6bf53db9cdcc) Importer(815301076,1909f56bfc062723c751e8b465ee728b)  -> (artifact id: '22fb463c03b9edd588f62d8ecebb7fa0') in 0.107067 seconds 
========================================================================
Received Import Request.
  Time since last request: 0.000040 seconds.
  path: Assets/Pandazole_Ultimate_Pack/Pandazole Simple Game Pack/Prefabs/Prop_Paint_01.prefab
  artifactKey: Guid(46e341a6df12c6242944a0a205bd3842) Importer(815301076,1909f56bfc062723c751e8b465ee728b)
Start importing Assets/Pandazole_Ultimate_Pack/Pandazole Simple Game Pack/Prefabs/Prop_Paint_01.prefab using Guid(46e341a6df12c6242944a0a205bd3842) Importer(815301076,1909f56bfc062723c751e8b465ee728b)  -> (artifact id: 'ade3f9dd322cf76225d5509bd0777be4') in 0.038522 seconds 
========================================================================
Received Import Request.
  Time since last request: 0.000058 seconds.
  path: Assets/Pandazole_Ultimate_Pack/Pandazole Simple Game Pack/Prefabs/Prop_WallShelf_01.prefab
  artifactKey: Guid(3861c043afe2be543bbce74bc8f6db93) Importer(815301076,1909f56bfc062723c751e8b465ee728b)
Start importing Assets/Pandazole_Ultimate_Pack/Pandazole Simple Game Pack/Prefabs/Prop_WallShelf_01.prefab using Guid(3861c043afe2be543bbce74bc8f6db93) Importer(815301076,1909f56bfc062723c751e8b465ee728b)  -> (artifact id: '85d96e6cdd4858f0fd35ded3c518974f') in 0.022053 seconds 
========================================================================
Received Import Request.
  Time since last request: 0.000023 seconds.
  path: Assets/Pandazole_Ultimate_Pack/Pandazole Simple Game Pack/Prefabs/Food_Carrot.prefab
  artifactKey: Guid(d56f8ac4fabf058479abd159340d1d27) Importer(815301076,1909f56bfc062723c751e8b465ee728b)
Start importing Assets/Pandazole_Ultimate_Pack/Pandazole Simple Game Pack/Prefabs/Food_Carrot.prefab using Guid(d56f8ac4fabf058479abd159340d1d27) Importer(815301076,1909f56bfc062723c751e8b465ee728b)  -> (artifact id: '6e804fe03c9ba0c62d358a00fdb26aa7') in 0.023842 seconds 
========================================================================
Received Import Request.
  Time since last request: 0.000023 seconds.
  path: Assets/Pandazole_Ultimate_Pack/Pandazole Simple Game Pack/Prefabs/CannedFood_01.prefab
  artifactKey: Guid(6044f46bd69510d48a796d5fa03e10ad) Importer(815301076,1909f56bfc062723c751e8b465ee728b)
Start importing Assets/Pandazole_Ultimate_Pack/Pandazole Simple Game Pack/Prefabs/CannedFood_01.prefab using Guid(6044f46bd69510d48a796d5fa03e10ad) Importer(815301076,1909f56bfc062723c751e8b465ee728b)  -> (artifact id: '53233e8bb7b34045b4dafe3bb9b4649a') in 0.019389 seconds 
========================================================================
Received Import Request.
  Time since last request: 0.000025 seconds.
  path: Assets/Pandazole_Ultimate_Pack/Pandazole Simple Game Pack/Prefabs/Prop_Table_01.prefab
  artifactKey: Guid(cffef0e54887ac8448c9f65303733eb6) Importer(815301076,1909f56bfc062723c751e8b465ee728b)
Start importing Assets/Pandazole_Ultimate_Pack/Pandazole Simple Game Pack/Prefabs/Prop_Table_01.prefab using Guid(cffef0e54887ac8448c9f65303733eb6) Importer(815301076,1909f56bfc062723c751e8b465ee728b)  -> (artifact id: '8a07e2d1b1f7782c31e2191c33078d6b') in 0.019059 seconds 
========================================================================
Received Import Request.
  Time since last request: 0.000028 seconds.
  path: Assets/Pandazole_Ultimate_Pack/Pandazole Simple Game Pack/Prefabs/Prop_StreetSign_TrafficSignals.prefab
  artifactKey: Guid(8fe53d3db716d404f9334e341dffd96a) Importer(815301076,1909f56bfc062723c751e8b465ee728b)
Start importing Assets/Pandazole_Ultimate_Pack/Pandazole Simple Game Pack/Prefabs/Prop_StreetSign_TrafficSignals.prefab using Guid(8fe53d3db716d404f9334e341dffd96a) Importer(815301076,1909f56bfc062723c751e8b465ee728b)  -> (artifact id: '97974fc53695299d3d6862ea9c8e16d7') in 0.022456 seconds 
========================================================================
Received Import Request.
  Time since last request: 0.000024 seconds.
  path: Assets/Pandazole_Ultimate_Pack/Pandazole Simple Game Pack/Prefabs/Prop_RoadCone_01.prefab
  artifactKey: Guid(c24eb8b945e533543b57c77b18c13447) Importer(815301076,1909f56bfc062723c751e8b465ee728b)
Start importing Assets/Pandazole_Ultimate_Pack/Pandazole Simple Game Pack/Prefabs/Prop_RoadCone_01.prefab using Guid(c24eb8b945e533543b57c77b18c13447) Importer(815301076,1909f56bfc062723c751e8b465ee728b)  -> (artifact id: '53904f2a742815ae36ae9de7de403ef2') in 0.025486 seconds 
========================================================================
Received Import Request.
  Time since last request: 0.000021 seconds.
  path: Assets/Pandazole_Ultimate_Pack/Pandazole Simple Game Pack/Prefabs/Prop_TrashBag_01.prefab
  artifactKey: Guid(f763a8746b477b941bf6e84aea6e3864) Importer(815301076,1909f56bfc062723c751e8b465ee728b)
Start importing Assets/Pandazole_Ultimate_Pack/Pandazole Simple Game Pack/Prefabs/Prop_TrashBag_01.prefab using Guid(f763a8746b477b941bf6e84aea6e3864) Importer(815301076,1909f56bfc062723c751e8b465ee728b)  -> (artifact id: '2bb43f4e0ca6c1488e01989e006504d9') in 0.014839 seconds 
========================================================================
Received Import Request.
  Time since last request: 0.000035 seconds.
  path: Assets/Pandazole_Ultimate_Pack/Pandazole Simple Game Pack/Prefabs/Food_Apple.prefab
  artifactKey: Guid(e7a2a8a83b359a54f89e9c51b55f1d54) Importer(815301076,1909f56bfc062723c751e8b465ee728b)
Start importing Assets/Pandazole_Ultimate_Pack/Pandazole Simple Game Pack/Prefabs/Food_Apple.prefab using Guid(e7a2a8a83b359a54f89e9c51b55f1d54) Importer(815301076,1909f56bfc062723c751e8b465ee728b)  -> (artifact id: 'e2a4dfe9f38f9d8f10edb66b93bfdac5') in 0.019460 seconds 
========================================================================
Received Import Request.
  Time since last request: 0.000029 seconds.
  path: Assets/Pandazole_Ultimate_Pack/Pandazole Simple Game Pack/Prefabs/WallCornor_01.prefab
  artifactKey: Guid(67393d030ffe2ee48872d86123583466) Importer(815301076,1909f56bfc062723c751e8b465ee728b)
Start importing Assets/Pandazole_Ultimate_Pack/Pandazole Simple Game Pack/Prefabs/WallCornor_01.prefab using Guid(67393d030ffe2ee48872d86123583466) Importer(815301076,1909f56bfc062723c751e8b465ee728b)  -> (artifact id: 'd327848bc95428c08481216806259d46') in 0.020206 seconds 
========================================================================
Received Import Request.
  Time since last request: 0.000038 seconds.
  path: Assets/Pandazole_Ultimate_Pack/Pandazole Simple Game Pack/Prefabs/Prop_RoofVent_01.prefab
  artifactKey: Guid(f74897866dd9f4f40a8665c68e2a5a30) Importer(815301076,1909f56bfc062723c751e8b465ee728b)
Start importing Assets/Pandazole_Ultimate_Pack/Pandazole Simple Game Pack/Prefabs/Prop_RoofVent_01.prefab using Guid(f74897866dd9f4f40a8665c68e2a5a30) Importer(815301076,1909f56bfc062723c751e8b465ee728b)  -> (artifact id: '532353291087827ec369d1700444ef44') in 0.021004 seconds 
========================================================================
Received Import Request.
  Time since last request: 0.000024 seconds.
  path: Assets/Pandazole_Ultimate_Pack/Pandazole Simple Game Pack/Prefabs/Prop_Book_01.prefab
  artifactKey: Guid(2fac0727655d8f7418660fd17707e067) Importer(815301076,1909f56bfc062723c751e8b465ee728b)
Start importing Assets/Pandazole_Ultimate_Pack/Pandazole Simple Game Pack/Prefabs/Prop_Book_01.prefab using Guid(2fac0727655d8f7418660fd17707e067) Importer(815301076,1909f56bfc062723c751e8b465ee728b)  -> (artifact id: '8318d59ecaa944f9e31e1def59ebd282') in 0.019734 seconds 
========================================================================
Received Import Request.
  Time since last request: 0.000023 seconds.
  path: Assets/Pandazole_Ultimate_Pack/Pandazole Simple Game Pack/Prefabs/Prop_Tree_04.prefab
  artifactKey: Guid(c79d4784e3704994c9e584801bed4dd3) Importer(815301076,1909f56bfc062723c751e8b465ee728b)
Start importing Assets/Pandazole_Ultimate_Pack/Pandazole Simple Game Pack/Prefabs/Prop_Tree_04.prefab using Guid(c79d4784e3704994c9e584801bed4dd3) Importer(815301076,1909f56bfc062723c751e8b465ee728b)  -> (artifact id: '835486a25710cd44d9ac960b72e1a520') in 0.020376 seconds 
========================================================================
Received Import Request.
  Time since last request: 158.485907 seconds.
  path: Assets/Pandazole_Ultimate_Pack/Pandazole Simple Game Pack/Scenes
  artifactKey: Guid(c72c0659af80c8d47bf4705a17ff8923) Importer(815301076,1909f56bfc062723c751e8b465ee728b)
Start importing Assets/Pandazole_Ultimate_Pack/Pandazole Simple Game Pack/Scenes using Guid(c72c0659af80c8d47bf4705a17ff8923) Importer(815301076,1909f56bfc062723c751e8b465ee728b)  -> (artifact id: '6868877b65d02097ccf0bca92e809aa5') in 0.014193 seconds 
========================================================================
Received Import Request.
  Time since last request: 9.276306 seconds.
  path: Assets/POLYGON city pack
  artifactKey: Guid(871a8c0e7c71d9f42941a0548d985efb) Importer(815301076,1909f56bfc062723c751e8b465ee728b)
Start importing Assets/POLYGON city pack using Guid(871a8c0e7c71d9f42941a0548d985efb) Importer(815301076,1909f56bfc062723c751e8b465ee728b)  -> (artifact id: '75c66dc381be2a8a7ee9854a8c39eeea') in 0.010530 seconds 
